[debug] [2024-01-11T07:52:13.262Z] ----------------------------------------------------------------------
[debug] [2024-01-11T07:52:13.266Z] Command:       C:\Program Files\nodejs\node.exe C:\Users\vachirawit\AppData\Roaming\npm\node_modules\firebase-tools\lib\bin\firebase.js login
[debug] [2024-01-11T07:52:13.266Z] CLI Version:   13.0.3
[debug] [2024-01-11T07:52:13.267Z] Platform:      win32
[debug] [2024-01-11T07:52:13.267Z] Node Version:  v18.15.0
[debug] [2024-01-11T07:52:13.268Z] Time:          Thu Jan 11 2024 14:52:13 GMT+0700 (เวลาอินโดจีน)
[debug] [2024-01-11T07:52:13.269Z] ----------------------------------------------------------------------
[debug] 
[debug] [2024-01-11T07:52:13.273Z] >>> [apiv2][query] GET https://firebase-public.firebaseio.com/cli.json [none]
[info] i  Firebase optionally collects CLI and Emulator Suite usage and error reporting information to help improve our products. Data is collected in accordance with Google's privacy policy (https://policies.google.com/privacy) and is not used to identify you.
 
[debug] [2024-01-11T07:52:14.182Z] <<< [apiv2][status] GET https://firebase-public.firebaseio.com/cli.json 200
[debug] [2024-01-11T07:52:14.183Z] <<< [apiv2][body] GET https://firebase-public.firebaseio.com/cli.json {"cloudBuildErrorAfter":1594252800000,"cloudBuildWarnAfter":1590019200000,"defaultNode10After":1594252800000,"minVersion":"3.0.5","node8DeploysDisabledAfter":1613390400000,"node8RuntimeDisabledAfter":1615809600000,"node8WarnAfter":1600128000000}
[info] 
[info] Visit this URL on this device to log in:
[info] https://accounts.google.com/o/oauth2/auth?client_id=563584335869-fgrhgmd47bqnekij5i8b5pr03ho849e6.apps.googleusercontent.com&scope=email%20openid%20https%3A%2F%2Fwww.googleapis.com%2Fauth%2Fcloudplatformprojects.readonly%20https%3A%2F%2Fwww.googleapis.com%2Fauth%2Ffirebase%20https%3A%2F%2Fwww.googleapis.com%2Fauth%2Fcloud-platform&response_type=code&state=325794041&redirect_uri=http%3A%2F%2Flocalhost%3A9005
[info] 
[info] Waiting for authentication...
[debug] [2024-01-11T07:52:37.270Z] >>> [apiv2][query] POST https://auth.firebase.tools/attest [none]
[debug] [2024-01-11T07:52:37.270Z] >>> [apiv2][body] POST https://auth.firebase.tools/attest {"session_id":"1d7d64f0-2003-4652-8356-9c5b70f656a2"}
[debug] [2024-01-11T07:52:37.946Z] <<< [apiv2][status] POST https://auth.firebase.tools/attest 200
[debug] [2024-01-11T07:52:37.946Z] <<< [apiv2][body] POST https://auth.firebase.tools/attest {"token":"qpZb3Gve5UyEuRg8Ikh6r20lnsTqWkD8DwYbd6GmHq8"}
[info] 
[info] To sign in to the Firebase CLI:
[info] 
[info] 1. Take note of your session ID:
[info] 
[info]    1D7D6
[info] 
[info] 2. Visit the URL below on any device and follow the instructions to get your code:
[info] 
[info]    https://auth.firebase.tools/login?code_challenge=jTakDgl8qJ4ZaXyjam0PmWrkC6Ziqxsppp66Lw3s73M&session=1d7d64f0-2003-4652-8356-9c5b70f656a2&attest=qpZb3Gve5UyEuRg8Ikh6r20lnsTqWkD8DwYbd6GmHq8
[info] 
[info] 3. Paste or enter the authorization code below once you have it:
[info] 
